<?xml version="1.0" encoding="UTF-8"?>
<!-- Generated by org.testng.reporters.JUnitXMLReporter -->
<testsuite hostname="DESKTOP-GKVTLDV" ignored="0" name="Test" tests="3" failures="0" timestamp="13 Sep 2019 18:31:03 GMT" time="142.369" errors="0">
  <testcase name="validateTtle" time="57.68" classname="testcases.E2EProject.GetTitle"/>
  <testcase name="basePageNavigation" time="39.888" classname="testcases.E2EProject.HomePage"/>
  <testcase name="basePageNavigation" time="12.586" classname="testcases.E2EProject.HomePage"/>
</testsuite> <!-- Test -->
